<?xml version="1.0" encoding="UTF-8"?>
<testsuite name="unittest.loader._FailedTest-20240424145803" tests="1" file="unittest/loader.py" time="0.031" timestamp="2024-04-24T14:58:05" failures="0" errors="1" skipped="0">
	<testcase classname="unittest.loader._FailedTest" name="unit_tests" time="0.031" timestamp="2024-04-24T14:58:05">
		<error type="ImportError" message="Failed to import test module: unit_tests
Traceback (most recent call last):
  File &quot;C:\Users\user\AppData\Local\Programs\Python\Python312\Lib\unittest\loader.py&quot;, line 137, in loadTestsFromName
    module = __import__(module_name)
             ^^^^^^^^^^^^^^^^^^^^^^^
  File &quot;c:\users\user\onedrive\desktop\lab_assignments\src\unittest\python\unit_tests.py&quot;, line 2, in &lt;module&gt;
    from main.python.app import app  # Make sure to import your Flask app correctly
    ^^^^^^^^^^^^^^^^^^^^^^^^^^^^^^^
ModuleNotFoundError: No module named 'main'
"><![CDATA[Traceback (most recent call last):
  File "C:\Users\user\AppData\Local\Programs\Python\Python312\Lib\unittest\case.py", line 58, in testPartExecutor
    yield
  File "C:\Users\user\AppData\Local\Programs\Python\Python312\Lib\unittest\case.py", line 634, in run
    self._callTestMethod(testMethod)
    ^^^^^^^^^^^^^^^^^
  File "C:\Users\user\AppData\Local\Programs\Python\Python312\Lib\unittest\case.py", line 589, in _callTestMethod
    if method() is not None:
    ^^^^^^^^^^^^^^^^^
  File "C:\Users\user\AppData\Local\Programs\Python\Python312\Lib\unittest\loader.py", line 33, in testFailure
    raise self._exception
    ^^^^^^^^^^^^^^^^^
ImportError: Failed to import test module: unit_tests
Traceback (most recent call last):
  File "C:\Users\user\AppData\Local\Programs\Python\Python312\Lib\unittest\loader.py", line 137, in loadTestsFromName
    module = __import__(module_name)
             ^^^^^^^^^^^^^^^^^^^^^^^
  File "c:\users\user\onedrive\desktop\lab_assignments\src\unittest\python\unit_tests.py", line 2, in <module>
    from main.python.app import app  # Make sure to import your Flask app correctly
    ^^^^^^^^^^^^^^^^^^^^^^^^^^^^^^^
ModuleNotFoundError: No module named 'main'

]]></error>
	</testcase>
</testsuite>
